<?xml version="1.0" encoding="UTF-8"?>
<!-- Generated by org.testng.reporters.JUnitReportReporter -->
<testsuite hostname="DESKTOP-34INHBC" failures="0" tests="3" name="testng.BasicsOfTestNG" time="26.287" errors="0" timestamp="2024-03-04T01:22:55 IST" skipped="0">
  <testcase classname="testng.BasicsOfTestNG" name="testCase2" time="9.388"/>
  <testcase classname="testng.BasicsOfTestNG" name="testCase1" time="8.223"/>
  <testcase classname="testng.BasicsOfTestNG" name="testCase3" time="8.676"/>
</testsuite> <!-- testng.BasicsOfTestNG -->
